SF:lib/src/table/table_cell_decoration.dart
DA:9,1
DA:18,1
DA:19,2
DA:20,1
DA:21,1
DA:22,1
DA:23,2
DA:27,1
DA:30,1
DA:31,3
DA:32,3
DA:34,1
DA:35,2
LF:13
LH:13
end_of_record
SF:lib/src/dashboard.dart
DA:16,2
DA:46,1
DA:47,1
DA:56,1
DA:58,4
DA:59,1
DA:61,1
DA:64,1
DA:66,1
DA:67,4
DA:68,2
DA:69,2
DA:71,1
DA:74,0
DA:75,0
DA:80,0
DA:81,0
DA:82,0
DA:85,0
DA:86,0
DA:88,0
DA:89,0
DA:92,0
DA:93,0
DA:94,0
DA:95,0
DA:97,0
DA:104,0
DA:105,0
DA:106,0
DA:107,0
DA:109,0
DA:115,0
DA:118,0
DA:120,0
DA:121,0
DA:122,0
DA:125,0
DA:126,0
DA:127,0
DA:129,0
DA:132,0
DA:133,0
DA:139,0
DA:142,1
DA:144,1
DA:148,1
DA:149,1
DA:153,1
DA:154,1
DA:155,3
DA:156,3
DA:157,2
DA:158,1
DA:159,1
DA:161,1
DA:162,1
DA:167,2
DA:168,0
DA:169,0
DA:170,0
DA:171,0
DA:173,0
DA:174,0
DA:183,1
DA:184,1
DA:185,2
DA:186,2
DA:192,1
DA:193,3
DA:194,1
DA:195,1
DA:199,1
DA:201,5
DA:202,5
DA:204,5
DA:205,5
DA:209,2
DA:210,0
DA:211,0
DA:212,0
DA:214,0
DA:216,0
DA:217,0
DA:218,0
DA:221,0
DA:222,0
DA:223,0
DA:225,0
DA:229,0
DA:230,0
DA:231,0
DA:232,0
DA:233,0
DA:235,0
DA:237,0
DA:241,0
DA:242,0
DA:247,0
DA:248,0
DA:249,0
DA:251,0
DA:252,0
DA:255,0
DA:260,3
DA:262,1
DA:263,1
DA:264,1
DA:265,1
DA:266,1
DA:271,1
DA:272,1
DA:273,1
DA:274,2
DA:275,5
DA:277,3
DA:281,1
DA:282,1
DA:283,1
DA:284,2
DA:286,5
DA:288,3
LF:122
LH:59
end_of_record
SF:lib/src/dashboard_grid.dart
DA:11,2
DA:12,2
DA:21,0
DA:23,1
DA:26,1
DA:27,3
DA:28,3
DA:29,3
DA:31,1
DA:32,3
DA:34,1
DA:36,3
DA:47,5
DA:64,3
DA:67,6
DA:70,2
DA:71,4
DA:75,3
DA:78,15
DA:79,6
DA:82,0
DA:89,5
DA:90,5
DA:92,5
DA:93,15
DA:95,5
DA:96,27
DA:99,7
DA:100,6
DA:101,6
DA:104,3
DA:107,5
DA:111,1
DA:112,1
DA:114,7
DA:116,1
DA:119,5
DA:120,5
DA:121,5
DA:123,5
DA:124,2
DA:125,2
DA:127,5
DA:130,5
DA:134,25
DA:135,1
DA:138,5
DA:139,5
DA:144,5
DA:146,10
DA:147,20
DA:150,10
DA:153,5
DA:154,8
DA:155,3
DA:156,6
DA:158,3
DA:159,6
DA:161,12
DA:169,5
DA:173,5
DA:175,5
DA:180,2
DA:181,6
DA:182,4
DA:183,4
DA:185,2
DA:187,4
DA:189,4
DA:191,2
DA:194,5
DA:198,30
DA:199,30
DA:200,5
DA:202,4
DA:208,10
DA:212,1
DA:216,4
DA:217,4
DA:219,2
DA:220,2
DA:222,1
DA:228,2
DA:229,2
DA:231,1
DA:237,2
DA:238,2
DA:241,3
DA:244,1
DA:251,1
DA:252,1
DA:253,1
DA:256,5
DA:258,5
DA:263,5
DA:264,15
DA:265,26
DA:268,0
DA:271,0
DA:272,0
DA:273,0
DA:274,0
DA:275,0
DA:277,0
DA:279,0
DA:285,1
LF:106
LH:96
end_of_record
SF:lib/src/dashboard_widget.dart
DA:24,6
DA:31,18
DA:34,5
DA:41,5
DA:42,5
DA:43,5
DA:44,5
DA:45,3
DA:46,5
DA:47,5
DA:51,2
DA:54,2
DA:55,6
DA:56,6
DA:57,6
DA:58,6
DA:59,6
DA:61,1
DA:63,11
DA:65,5
DA:67,30
LF:21
LH:21
end_of_record
SF:lib/src/common/span.dart
DA:10,2
DA:13,0
DA:46,1
DA:59,0
DA:69,0
DA:70,0
DA:71,0
DA:72,0
DA:73,0
DA:74,0
DA:75,0
DA:76,0
DA:77,0
DA:166,1
DA:192,1
DA:206,3
DA:211,1
DA:212,1
DA:223,0
DA:231,0
DA:233,0
DA:253,0
DA:255,0
DA:257,0
DA:271,0
DA:277,0
DA:279,0
DA:280,0
DA:281,0
DA:289,0
DA:290,0
DA:296,0
DA:297,0
DA:306,0
DA:382,0
DA:383,0
DA:385,0
DA:386,0
DA:387,0
DA:388,0
DA:389,0
DA:391,0
DA:394,0
DA:395,0
DA:403,0
DA:439,0
DA:440,0
DA:441,0
DA:442,0
DA:443,0
DA:444,0
DA:445,0
DA:447,0
DA:448,0
DA:449,0
DA:450,0
DA:451,0
DA:453,0
DA:466,0
LF:59
LH:7
end_of_record
SF:lib/src/dev_tools_controller.dart
DA:25,3
DA:29,1
DA:33,2
DA:35,6
DA:39,2
DA:41,5
DA:45,2
DA:47,2
DA:53,2
DA:54,2
DA:55,6
DA:56,10
DA:59,2
DA:60,6
DA:61,10
DA:64,1
DA:66,3
DA:67,5
DA:69,3
DA:73,1
DA:74,1
DA:77,2
DA:78,1
DA:80,0
DA:84,1
DA:86,7
DA:87,1
DA:88,1
DA:89,1
DA:91,3
DA:92,1
DA:93,1
DA:94,1
DA:95,1
DA:96,1
DA:97,1
DA:99,1
DA:101,1
DA:103,1
LF:39
LH:38
end_of_record
SF:lib/src/table/table.dart
DA:105,0
DA:140,1
DA:160,2
DA:161,2
DA:162,2
DA:163,2
DA:164,2
DA:165,2
DA:166,1
DA:167,1
DA:183,1
DA:189,1
DA:191,2
DA:193,2
DA:194,1
DA:195,1
DA:196,1
DA:197,1
DA:198,1
DA:199,1
DA:212,1
DA:226,1
DA:228,1
DA:229,1
DA:230,1
DA:231,1
DA:232,1
DA:233,1
DA:234,1
DA:235,1
DA:236,1
DA:238,1
DA:239,1
DA:243,0
DA:249,0
DA:250,0
DA:251,0
DA:252,0
DA:253,0
DA:254,0
DA:255,0
DA:256,0
DA:257,0
DA:258,0
DA:272,1
DA:286,1
DA:288,1
DA:290,0
DA:292,0
DA:322,3
DA:325,1
DA:326,2
DA:327,3
DA:328,3
DA:329,1
DA:334,3
DA:337,1
DA:338,2
DA:339,3
DA:340,3
DA:341,1
DA:344,1
DA:345,2
DA:348,1
DA:349,1
DA:350,1
DA:354,1
DA:355,2
DA:358,1
DA:359,1
DA:360,1
DA:371,1
DA:372,3
DA:374,1
DA:375,3
DA:377,1
DA:378,1
DA:379,0
DA:382,1
DA:383,1
DA:384,0
DA:387,1
DA:389,1
DA:391,1
DA:393,2
DA:394,2
DA:398,0
DA:400,0
DA:402,0
DA:403,0
DA:405,0
DA:408,0
DA:409,0
DA:410,0
DA:411,0
DA:413,0
DA:414,0
DA:415,0
DA:418,0
DA:419,0
DA:421,0
DA:422,0
DA:424,0
DA:425,0
DA:426,0
DA:429,0
DA:431,0
DA:432,0
DA:433,0
DA:436,0
DA:437,0
DA:442,0
DA:454,1
DA:455,2
DA:461,1
DA:469,0
DA:470,0
DA:472,0
DA:474,0
DA:478,1
DA:479,0
DA:480,1
DA:481,0
DA:483,1
DA:484,1
DA:489,0
DA:494,0
DA:495,0
DA:498,3
DA:501,1
DA:502,3
DA:505,2
DA:507,2
DA:511,0
DA:512,0
DA:513,0
DA:514,0
DA:516,0
DA:520,1
DA:521,1
DA:525,2
DA:526,1
DA:527,2
DA:532,2
DA:534,4
DA:535,1
DA:536,1
DA:538,3
DA:539,0
DA:540,0
DA:542,1
DA:544,0
DA:546,1
DA:549,5
DA:559,1
DA:560,2
DA:566,1
DA:574,0
DA:575,0
DA:576,0
DA:577,0
DA:581,1
DA:582,1
DA:583,0
DA:585,1
DA:586,1
DA:591,0
DA:596,0
DA:599,3
DA:602,1
DA:603,3
DA:606,2
DA:608,2
DA:613,0
DA:614,0
DA:615,0
DA:616,0
DA:618,0
DA:622,1
DA:623,1
DA:627,2
DA:628,1
DA:629,2
DA:634,2
DA:636,4
DA:637,1
DA:638,1
DA:640,3
DA:641,0
DA:642,0
DA:644,1
DA:646,0
DA:648,1
DA:651,5
DA:654,1
DA:656,2
DA:658,0
DA:662,1
DA:664,1
DA:666,1
DA:667,5
DA:668,0
DA:671,3
DA:672,1
DA:673,1
DA:675,1
DA:677,4
DA:678,3
DA:679,1
DA:682,2
DA:688,1
DA:690,1
DA:692,1
DA:693,5
DA:694,0
DA:697,3
DA:698,1
DA:699,1
DA:701,1
DA:703,4
DA:704,3
DA:705,1
DA:708,2
DA:715,0
DA:716,0
DA:717,0
DA:718,0
DA:719,0
DA:722,0
DA:723,0
DA:725,0
DA:726,0
DA:727,0
DA:731,0
DA:732,0
DA:733,0
DA:734,0
DA:737,0
DA:738,0
DA:739,0
DA:740,0
DA:742,0
DA:743,0
DA:747,0
DA:748,0
DA:751,0
DA:752,0
DA:753,0
DA:756,0
DA:757,0
DA:759,0
DA:760,0
DA:761,0
DA:765,0
DA:766,0
DA:767,0
DA:768,0
DA:771,0
DA:772,0
DA:773,0
DA:775,0
DA:776,0
DA:780,0
DA:781,0
DA:785,1
DA:790,1
DA:791,1
DA:792,2
DA:793,2
DA:794,2
DA:796,1
DA:798,2
DA:799,0
DA:801,2
DA:802,2
DA:803,0
DA:805,2
DA:806,1
DA:807,1
DA:808,1
DA:811,0
DA:814,1
DA:815,0
DA:816,0
DA:817,0
DA:822,1
DA:823,3
DA:824,5
DA:825,1
DA:828,1
DA:829,3
DA:830,5
DA:831,1
DA:834,1
DA:836,0
DA:838,0
DA:843,1
DA:846,0
DA:847,0
DA:848,0
DA:849,0
DA:850,0
DA:851,0
DA:854,1
DA:857,0
DA:858,0
DA:859,0
DA:860,0
DA:861,0
DA:862,0
DA:865,1
DA:867,1
DA:868,1
DA:869,1
DA:870,1
DA:871,1
DA:872,1
DA:873,1
DA:878,1
DA:887,1
DA:892,1
DA:894,2
DA:899,2
DA:905,1
DA:908,0
DA:912,0
DA:918,1
DA:924,2
DA:925,4
DA:926,2
DA:927,4
DA:928,2
DA:929,1
DA:932,4
DA:934,4
DA:935,4
DA:936,2
DA:937,1
DA:940,4
DA:942,1
DA:944,2
DA:946,1
DA:949,1
DA:952,1
DA:953,1
DA:954,1
DA:956,1
DA:958,3
DA:960,1
DA:965,2
DA:966,2
DA:971,1
DA:973,1
DA:975,3
DA:977,1
DA:982,2
DA:983,2
DA:1000,1
DA:1001,0
DA:1003,1
DA:1009,3
DA:1011,1
DA:1012,4
DA:1015,1
DA:1016,4
DA:1017,5
DA:1018,1
DA:1022,0
DA:1025,2
DA:1028,0
DA:1032,4
DA:1033,4
DA:1034,6
DA:1035,5
DA:1038,1
DA:1040,1
DA:1046,3
DA:1048,1
DA:1049,4
DA:1052,1
DA:1053,4
DA:1054,5
DA:1056,1
DA:1060,0
DA:1066,2
DA:1069,0
DA:1073,4
DA:1074,4
DA:1075,6
DA:1076,5
DA:1080,1
DA:1081,1
DA:1082,2
DA:1085,1
DA:1086,1
DA:1087,2
DA:1089,1
DA:1093,2
DA:1094,1
DA:1096,1
DA:1100,1
DA:1104,1
DA:1105,2
DA:1114,1
DA:1115,1
DA:1116,5
DA:1118,1
DA:1119,6
DA:1130,1
DA:1132,1
DA:1133,0
DA:1134,0
DA:1135,0
DA:1144,1
DA:1146,1
DA:1147,3
DA:1148,1
DA:1150,1
DA:1151,2
DA:1153,1
DA:1154,2
DA:1156,1
DA:1157,4
DA:1158,4
DA:1160,1
DA:1161,1
DA:1164,1
DA:1165,1
DA:1168,1
DA:1169,2
DA:1172,0
DA:1175,1
DA:1178,0
DA:1179,0
DA:1181,0
DA:1182,0
DA:1183,0
DA:1185,0
DA:1187,0
DA:1188,0
DA:1189,0
DA:1191,0
DA:1192,0
DA:1195,0
DA:1196,0
DA:1197,0
DA:1198,0
DA:1202,0
DA:1203,0
DA:1206,2
DA:1209,1
DA:1212,0
DA:1213,0
DA:1215,0
DA:1216,0
DA:1218,0
DA:1219,0
DA:1220,0
DA:1222,0
DA:1223,0
DA:1225,0
DA:1226,0
DA:1229,0
DA:1230,0
DA:1233,0
DA:1234,0
DA:1235,0
DA:1239,0
DA:1240,0
DA:1243,2
DA:1246,1
DA:1249,0
DA:1253,0
DA:1254,0
DA:1255,0
DA:1267,1
DA:1272,1
DA:1274,0
DA:1278,0
DA:1283,0
DA:1284,0
DA:1286,0
DA:1288,0
DA:1294,0
DA:1296,0
DA:1297,0
DA:1298,0
DA:1299,0
DA:1301,0
DA:1302,0
DA:1307,0
DA:1308,0
DA:1313,0
DA:1314,0
DA:1316,0
DA:1321,0
DA:1328,0
DA:1329,0
DA:1330,0
DA:1331,0
DA:1334,0
DA:1335,0
DA:1337,0
DA:1338,0
DA:1339,0
DA:1340,0
DA:1341,0
DA:1343,0
DA:1344,0
DA:1345,0
DA:1349,0
DA:1350,0
DA:1351,0
DA:1352,0
DA:1353,0
DA:1354,0
DA:1357,0
DA:1373,1
DA:1380,1
DA:1381,0
DA:1386,1
DA:1387,2
DA:1388,1
DA:1390,4
DA:1391,1
DA:1392,1
DA:1400,2
DA:1409,1
DA:1410,1
DA:1411,3
DA:1417,1
DA:1419,2
DA:1420,2
DA:1421,2
DA:1422,3
DA:1423,1
DA:1425,3
DA:1426,1
DA:1428,1
DA:1435,2
DA:1438,2
DA:1441,2
DA:1444,0
DA:1447,1
DA:1448,2
DA:1449,2
DA:1450,4
DA:1451,3
DA:1456,1
DA:1462,1
DA:1463,1
DA:1464,1
DA:1465,2
DA:1468,1
DA:1470,1
DA:1471,0
DA:1475,1
DA:1476,1
DA:1483,0
DA:1484,0
DA:1485,0
DA:1489,0
DA:1490,0
DA:1491,0
DA:1492,0
DA:1493,0
DA:1494,0
DA:1496,0
DA:1498,0
DA:1502,0
DA:1503,0
DA:1506,0
DA:1507,0
DA:1510,1
DA:1511,1
DA:1512,0
DA:1513,0
DA:1515,0
DA:1521,0
DA:1523,0
DA:1524,0
DA:1525,0
DA:1526,0
DA:1528,0
DA:1529,0
DA:1530,0
DA:1537,0
DA:1538,0
DA:1540,0
DA:1541,0
DA:1543,0
DA:1544,0
DA:1546,0
LF:593
LH:329
end_of_record
SF:lib/src/table/table_cell.dart
DA:20,2
DA:21,2
DA:26,2
DA:31,2
DA:38,0
DA:39,0
DA:42,0
DA:43,0
DA:49,0
DA:75,0
DA:78,0
DA:79,0
DA:81,0
DA:82,0
DA:83,0
DA:84,0
DA:86,0
DA:87,0
DA:88,0
DA:89,0
DA:91,0
DA:106,3
DA:115,3
DA:119,6
DA:120,6
DA:122,3
DA:126,6
DA:127,6
DA:167,1
DA:169,1
DA:171,1
DA:172,1
DA:175,1
DA:176,1
DA:177,1
DA:178,1
DA:179,1
DA:186,1
DA:199,1
DA:202,1
DA:204,3
DA:205,3
DA:206,2
DA:209,3
DA:210,3
DA:211,2
DA:214,3
DA:215,3
DA:216,2
DA:219,3
DA:220,3
DA:221,2
DA:226,2
DA:230,0
DA:233,0
DA:235,0
DA:236,0
DA:237,0
DA:238,0
DA:240,0
DA:241,0
DA:242,0
LF:62
LH:36
end_of_record
SF:lib/src/table/table_delegate.dart
DA:89,0
DA:106,0
DA:142,2
DA:153,4
DA:154,4
DA:155,4
DA:156,4
DA:157,4
DA:158,4
DA:163,2
DA:165,1
DA:166,1
DA:167,2
DA:168,2
DA:173,2
DA:174,6
DA:176,1
DA:177,3
DA:178,2
DA:188,1
DA:189,2
DA:191,2
DA:192,2
DA:194,1
DA:195,2
DA:196,3
DA:197,2
DA:200,1
DA:201,1
DA:204,2
DA:205,6
DA:207,1
DA:208,3
DA:209,2
DA:219,1
DA:220,2
DA:222,2
DA:223,2
DA:225,1
DA:226,2
DA:227,3
DA:228,2
DA:231,1
DA:232,1
DA:249,1
DA:256,2
DA:257,2
DA:262,1
DA:273,7
DA:276,2
DA:277,2
DA:280,1
DA:281,5
DA:288,0
DA:290,0
DA:294,0
DA:297,1
DA:298,1
DA:300,1
DA:301,2
DA:302,3
DA:303,2
DA:306,1
DA:307,1
DA:310,1
DA:311,2
DA:318,0
DA:320,0
DA:324,0
DA:327,1
DA:328,1
DA:330,1
DA:331,2
DA:332,3
DA:333,2
DA:336,1
DA:337,1
DA:340,0
DA:342,0
DA:343,0
DA:344,0
DA:345,0
DA:346,0
DA:347,0
DA:348,0
LF:85
LH:69
end_of_record
